[21:26:08] [main/INFO]: Loading Minecraft 1.20.6 with Fabric Loader 0.15.11
[21:26:08] [main/INFO]: Fabric is preparing JARs on first launch, this may take a few seconds...
[21:26:08] [main/INFO]: Loading 4 mods:
	- fabricloader 0.15.11
	   \-- mixinextras 0.3.5
	- java 21
	- minecraft 1.20.6
[21:26:08] [main/INFO]: SpongePowered MIXIN Subsystem Version=0.8.5 Source=file:/home/httpanimations/MCS-MCOL-Tv3.2/libraries/net/fabricmc/sponge-mixin/0.13.3+mixin.0.8.5/sponge-mixin-0.13.3+mixin.0.8.5.jar Service=Knot/Fabric Env=SERVER
[21:26:14] [main/ERROR]: Failed to load properties from file: server.properties
java.nio.file.NoSuchFileException: server.properties
	at java.base/sun.nio.fs.UnixException.translateToIOException(Unknown Source) ~[?:?]
	at java.base/sun.nio.fs.UnixException.rethrowAsIOException(Unknown Source) ~[?:?]
	at java.base/sun.nio.fs.UnixException.rethrowAsIOException(Unknown Source) ~[?:?]
	at java.base/sun.nio.fs.UnixFileSystemProvider.newByteChannel(Unknown Source) ~[?:?]
	at java.base/java.nio.file.Files.newByteChannel(Unknown Source) ~[?:?]
	at java.base/java.nio.file.Files.newByteChannel(Unknown Source) ~[?:?]
	at java.base/java.nio.file.spi.FileSystemProvider.newInputStream(Unknown Source) ~[?:?]
	at java.base/java.nio.file.Files.newInputStream(Unknown Source) ~[?:?]
	at net.minecraft.class_3808.method_16727(class_3808.java:62) [server-intermediary.jar:?]
	at net.minecraft.class_3806.method_16714(class_3806.java:140) [server-intermediary.jar:?]
	at net.minecraft.class_3807.<init>(class_3807.java:12) [server-intermediary.jar:?]
	at net.minecraft.server.Main.main(Main.java:114) [server-intermediary.jar:?]
	at net.fabricmc.loader.impl.game.minecraft.MinecraftGameProvider.launch(MinecraftGameProvider.java:470) [fabric-loader-0.15.11.jar:?]
	at net.fabricmc.loader.impl.launch.knot.Knot.launch(Knot.java:74) [fabric-loader-0.15.11.jar:?]
	at net.fabricmc.loader.impl.launch.knot.KnotServer.main(KnotServer.java:23) [fabric-loader-0.15.11.jar:?]
	at net.fabricmc.loader.impl.launch.server.FabricServerLauncher.main(FabricServerLauncher.java:69) [fabric-loader-0.15.11.jar:?]
	at net.fabricmc.installer.ServerLauncher.main(ServerLauncher.java:69) [fabric-server-mc.1.20.6-loader.0.15.11-launcher.1.0.1.jar:1.0.1]
[21:26:14] [main/WARN]: Failed to load eula.txt
[21:26:14] [main/INFO]: You need to agree to the EULA in order to run the server. Go to eula.txt for more info.
