[23:00:39] [main/INFO]: Loading Minecraft 1.20.6 with Fabric Loader 0.15.11
[23:00:40] [main/INFO]: Loading 4 mods:
	- fabricloader 0.15.11
	   \-- mixinextras 0.3.5
	- java 21
	- minecraft 1.20.6
[23:00:40] [main/INFO]: SpongePowered MIXIN Subsystem Version=0.8.5 Source=file:/home/httpanimations/MCS-MCOL-Tv3.2/libraries/net/fabricmc/sponge-mixin/0.13.3+mixin.0.8.5/sponge-mixin-0.13.3+mixin.0.8.5.jar Service=Knot/Fabric Env=SERVER
[23:00:46] [main/INFO]: Environment: Environment[sessionHost=https://sessionserver.mojang.com, servicesHost=https://api.minecraftservices.com, name=PROD]
[23:00:47] [main/INFO]: No existing world data, creating new world
[23:00:48] [main/INFO]: Loaded 1175 recipes
[23:00:49] [main/INFO]: Loaded 1276 advancements
[23:00:49] [Server thread/INFO]: Starting minecraft server version 1.20.6
[23:00:49] [Server thread/INFO]: Loading properties
[23:00:49] [Server thread/INFO]: Default game type: SURVIVAL
[23:00:49] [Server thread/INFO]: Generating keypair
[23:00:49] [Server thread/INFO]: Starting Minecraft server on *:25565
[23:00:49] [Server thread/INFO]: Using epoll channel type
[23:00:49] [Server thread/INFO]: Preparing level "world"
[23:00:55] [Server thread/INFO]: Preparing start region for dimension minecraft:overworld
[23:00:55] [Worker-Main-4/INFO]: Preparing spawn area: 2%
[23:00:55] [Worker-Main-4/INFO]: Preparing spawn area: 2%
[23:00:56] [Worker-Main-2/INFO]: Preparing spawn area: 4%
[23:00:56] [Worker-Main-1/INFO]: Preparing spawn area: 6%
[23:00:57] [Worker-Main-6/INFO]: Preparing spawn area: 18%
[23:00:57] [Worker-Main-5/INFO]: Preparing spawn area: 24%
[23:00:58] [Worker-Main-6/INFO]: Preparing spawn area: 32%
[23:00:58] [Worker-Main-7/INFO]: Preparing spawn area: 51%
[23:00:59] [Worker-Main-5/INFO]: Preparing spawn area: 57%
[23:00:59] [Worker-Main-5/INFO]: Preparing spawn area: 57%
[23:01:00] [Worker-Main-7/INFO]: Preparing spawn area: 63%
[23:01:00] [Worker-Main-3/INFO]: Preparing spawn area: 73%
[23:01:01] [Worker-Main-7/INFO]: Preparing spawn area: 79%
[23:01:01] [Server thread/INFO]: Time elapsed: 6340 ms
[23:01:01] [Server thread/INFO]: Done (11.526s)! For help, type "help"
